<?xml version="1.0" encoding="UTF-8"?>
<!-- Generated by org.testng.reporters.JUnitReportReporter -->
<testsuite hostname="MYSHEC363760L" failures="0" tests="1" name="assertions.ReadExcel" time="0.029" errors="0" timestamp="2020-12-04T04:36:13 IST" skipped="0">
  <testcase classname="assertions.ReadExcel" name="testExcel" time="0.029"/>
  <system-out/>
</testsuite> <!-- assertions.ReadExcel -->
