<?xml version="1.0" encoding="UTF-8"?>
<!-- Generated by org.testng.reporters.JUnitReportReporter -->
<testsuite hostname="MYSHEC363760L" failures="0" tests="3" name="parameterization.dataProvider" time="58.272" errors="0" timestamp="2020-12-03T00:30:17 IST" skipped="0">
  <testcase classname="parameterization.dataProvider" name="search" time="19.038"/>
  <system-out/>
  <testcase classname="parameterization.dataProvider" name="search" time="22.088"/>
  <system-out/>
  <testcase classname="parameterization.dataProvider" name="search" time="17.146"/>
  <system-out/>
</testsuite> <!-- parameterization.dataProvider -->
