<?xml version="1.0" encoding="UTF-8"?>
<!-- Generated by org.testng.reporters.JUnitReportReporter -->
<testsuite hostname="MYSHEC363760L" failures="0" tests="1" name="frameworkSetup.SeleniumCode" time="9.236" errors="0" timestamp="2020-12-04T02:21:22 IST" skipped="0">
  <testcase classname="frameworkSetup.SeleniumCode" name="testChrome" time="9.236"/>
  <system-out/>
</testsuite> <!-- frameworkSetup.SeleniumCode -->
