<?xml version="1.0" encoding="UTF-8"?>
<!-- Generated by org.testng.reporters.JUnitReportReporter -->
<testsuite hostname="MYSHEC363760L" failures="0" tests="1" name="parameterization.ExtentReport" time="16.464" errors="0" timestamp="2020-12-02T23:41:42 IST" skipped="0">
  <testcase classname="parameterization.ExtentReport" name="googleTitleValidation" time="16.464"/>
  <system-out/>
</testsuite> <!-- parameterization.ExtentReport -->
