<?xml version="1.0" encoding="UTF-8"?>
<!-- Generated by org.testng.reporters.JUnitReportReporter -->
<testsuite hostname="MYSHEC363760L" failures="0" tests="1" name="assertions.SwitchTab" time="29.085" errors="0" timestamp="2020-12-04T03:51:53 IST" skipped="0">
  <testcase classname="assertions.SwitchTab" name="testTabSwitch" time="29.085"/>
  <system-out/>
</testsuite> <!-- assertions.SwitchTab -->
